<?xml version="1.0" encoding="utf-8"?><testsuites name="pytest tests"><testsuite name="pytest" errors="0" failures="0" skipped="0" tests="15" time="28.191" timestamp="2026-05-03T07:15:06.731315+00:00" hostname="agent-env-22519467-b668-4305-ab8a-7dae625edaaa"><testcase classname="backend.tests.test_ai_endpoints.TestHealth" name="test_root_api" time="0.120" /><testcase classname="backend.tests.test_ai_endpoints.TestSummarize" name="test_summarize_success" time="3.667" /><testcase classname="backend.tests.test_ai_endpoints.TestSummarize" name="test_summarize_missing_title_422" time="0.045" /><testcase classname="backend.tests.test_ai_endpoints.TestSummarize" name="test_summarize_empty_title_422" time="0.053" /><testcase classname="backend.tests.test_ai_endpoints.TestQuiz" name="test_quiz_structure" time="8.752" /><testcase classname="backend.tests.test_ai_endpoints.TestQuiz" name="test_quiz_invalid_count_422" time="0.047" /><testcase classname="backend.tests.test_ai_endpoints.TestQuiz" name="test_quiz_missing_title_422" time="0.064" /><testcase classname="backend.tests.test_ai_endpoints.TestQuizEval" name="test_quiz_eval_all_correct" time="2.298" /><testcase classname="backend.tests.test_ai_endpoints.TestQuizEval" name="test_quiz_eval_partial" time="2.715" /><testcase classname="backend.tests.test_ai_endpoints.TestQuizEval" name="test_quiz_eval_missing_fields_422" time="0.047" /><testcase classname="backend.tests.test_ai_endpoints.TestChat" name="test_chat_basic_reply" time="1.843" /><testcase classname="backend.tests.test_ai_endpoints.TestChat" name="test_chat_with_history" time="2.570" /><testcase classname="backend.tests.test_ai_endpoints.TestChat" name="test_chat_empty_message_422" time="0.042" /><testcase classname="backend.tests.test_ai_endpoints.TestFeedback" name="test_feedback_success" time="5.682" /><testcase classname="backend.tests.test_ai_endpoints.TestFeedback" name="test_feedback_missing_title_422" time="0.045" /></testsuite></testsuites>